INFO 2019-02-20 16:13:37,997 signals: Plan updated: <django.db.models.query_utils.DeferredAttribute object at 0x7fac85f51940> 
INFO 2019-02-20 16:13:52,440 signals: Plan updated: <django.db.models.query_utils.DeferredAttribute object at 0x7fac85f51940> 
INFO 2019-02-21 12:29:58,497 signals: Plan added: <django.db.models.query_utils.DeferredAttribute object at 0x7fac85f51940> 
INFO 2019-02-21 12:32:54,624 signals: Plan updated: <django.db.models.query_utils.DeferredAttribute object at 0x7f7b96a90940> (ID: <django.db.models.query_utils.DeferredAttribute object at 0x7f7b96a90b38>)
INFO 2019-02-21 13:30:07,319 signals: Plan deleted: <django.db.models.query_utils.DeferredAttribute object at 0x7fe97e8ca940> (ID: <django.db.models.query_utils.DeferredAttribute object at 0x7fe97e8cab38>)
INFO 2019-02-21 13:30:42,443 signals: Plan deleted: <django.db.models.query_utils.DeferredAttribute object at 0x7fe97e8ca940> (ID: <django.db.models.query_utils.DeferredAttribute object at 0x7fe97e8cab38>)
INFO 2019-02-21 13:33:37,103 signals: Plan deleted: <django.db.models.query_utils.DeferredAttribute object at 0x7f7818993940> (ID: <django.db.models.query_utils.DeferredAttribute object at 0x7f7818993b38>)
INFO 2019-02-21 13:35:21,278 signals: Plan updated: <django.db.models.query_utils.DeferredAttribute object at 0x7f1d60c47a20> (ID: <django.db.models.query_utils.DeferredAttribute object at 0x7f1d60c47c18>)
INFO 2019-02-21 13:39:13,948 signals: Plan updated: asdas12 (ID: 10)
INFO 2019-02-28 11:44:57,547 signals: Plan updated: wwqwq (ID: 13)
INFO 2019-02-28 11:52:36,988 signals: Plan added: 1 (ID: 19)
INFO 2019-02-28 11:52:53,629 signals: Plan added: 1 (ID: 20)
INFO 2019-02-28 12:04:40,905 signals: Plan deleted: 1 (ID: 20)
INFO 2019-02-28 12:04:40,905 signals: Plan deleted: 1 (ID: 19)
INFO 2019-02-28 12:04:40,905 signals: Plan deleted: psass (ID: 18)
INFO 2019-02-28 12:04:40,905 signals: Plan deleted: t (ID: 16)
INFO 2019-02-28 12:04:40,906 signals: Plan deleted: Title12 (ID: 12)
INFO 2019-02-28 12:04:40,906 signals: Plan deleted: Title11 (ID: 11)
INFO 2019-02-28 12:04:40,906 signals: Plan deleted: asdas12 (ID: 10)
INFO 2019-02-28 12:05:15,745 signals: Plan added: 1 (ID: 21)
INFO 2019-02-28 12:10:10,925 signals: Plan added: 2 (ID: 22)
INFO 2019-02-28 12:12:10,773 signals: Plan added: 2 (ID: 23)
INFO 2019-02-28 12:12:26,512 signals: Plan added: 2 (ID: 24)
INFO 2019-02-28 12:12:38,590 signals: Plan added: 2 (ID: 25)
INFO 2019-02-28 12:13:58,422 signals: Plan added: 1 (ID: 26)
